TN:
SF:src/calc.js
FN:4,(anonymous_0)
FN:8,(anonymous_1)
FN:16,(anonymous_2)
FN:24,(anonymous_3)
FNF:4
FNH:4
FNDA:1,(anonymous_0)
FNDA:2,(anonymous_1)
FNDA:2,(anonymous_2)
FNDA:2,(anonymous_3)
DA:1,1
DA:5,1
DA:9,2
DA:10,1
DA:12,1
DA:17,2
DA:18,1
DA:20,1
DA:25,2
DA:26,1
DA:28,1
DA:34,1
LF:12
LH:12
BRDA:9,0,0,1
BRDA:9,0,1,1
BRDA:17,1,0,1
BRDA:17,1,1,1
BRDA:25,2,0,1
BRDA:25,2,1,1
BRDA:25,3,0,2
BRDA:25,3,1,2
BRF:8
BRH:8
end_of_record
TN:
SF:src/index.js
FN:1,stringLength
FN:4,(anonymous_1)
FNF:2
FNH:2
FNDA:2,stringLength
FNDA:5,(anonymous_1)
DA:2,2
DA:3,2
DA:4,5
DA:5,1
DA:7,1
DA:13,1
LF:6
LH:6
BRDA:3,0,0,1
BRDA:3,0,1,1
BRDA:3,1,0,2
BRDA:3,1,1,1
BRF:4
BRH:4
end_of_record
TN:
SF:src/reverse.js
FN:1,reverseString
FNF:1
FNH:1
FNDA:1,reverseString
DA:2,1
DA:5,1
LF:2
LH:2
BRF:0
BRH:0
end_of_record
TN:
SF:src/string.js
FN:1,stringCapitalize
FNF:1
FNH:1
FNDA:1,stringCapitalize
DA:2,1
DA:5,1
LF:2
LH:2
BRF:0
BRH:0
end_of_record
